  Board.cpp
  Checker.cpp
E:\Checkers\Checker.cpp(17,19): warning C4244: аргумент: преобразование "double" в "GLfloat", возможна потеря данных
E:\Checkers\Checker.cpp(21,58): warning C4244: аргумент: преобразование "double" в "GLfloat", возможна потеря данных
E:\Checkers\Checker.cpp(21,36): warning C4244: аргумент: преобразование "double" в "GLfloat", возможна потеря данных
E:\Checkers\Checker.cpp(22,52): warning C4244: аргумент: преобразование "double" в "GLfloat", возможна потеря данных
E:\Checkers\Checker.cpp(22,37): warning C4244: аргумент: преобразование "double" в "GLfloat", возможна потеря данных
E:\Checkers\Checker.cpp(22,27): warning C4244: аргумент: преобразование "double" в "GLfloat", возможна потеря данных
E:\Checkers\Checker.cpp(25,24): warning C4244: аргумент: преобразование "double" в "GLfloat", возможна потеря данных
E:\Checkers\Checker.cpp(25,16): warning C4244: аргумент: преобразование "double" в "GLfloat", возможна потеря данных
E:\Checkers\Checker.cpp(34,58): warning C4244: аргумент: преобразование "double" в "GLfloat", возможна потеря данных
E:\Checkers\Checker.cpp(34,36): warning C4244: аргумент: преобразование "double" в "GLfloat", возможна потеря данных
E:\Checkers\Checker.cpp(35,47): warning C4244: аргумент: преобразование "double" в "GLfloat", возможна потеря данных
E:\Checkers\Checker.cpp(35,27): warning C4244: аргумент: преобразование "double" в "GLfloat", возможна потеря данных
E:\Checkers\Checker.cpp(43,29): warning C4244: инициализация: преобразование "double" в "float", возможна потеря данных
E:\Checkers\Checker.cpp(43,24): warning C4244: инициализация: преобразование "double" в "const float", возможна потеря данных
E:\Checkers\Checker.cpp(45,47): warning C4244: аргумент: преобразование "double" в "GLfloat", возможна потеря данных
E:\Checkers\Checker.cpp(45,27): warning C4244: аргумент: преобразование "double" в "GLfloat", возможна потеря данных
E:\Checkers\Checker.cpp(47,52): warning C4244: аргумент: преобразование "double" в "GLfloat", возможна потеря данных
E:\Checkers\Checker.cpp(47,37): warning C4244: аргумент: преобразование "double" в "GLfloat", возможна потеря данных
E:\Checkers\Checker.cpp(47,27): warning C4244: аргумент: преобразование "double" в "GLfloat", возможна потеря данных
E:\Checkers\Checker.cpp(50,16): warning C4244: аргумент: преобразование "double" в "GLfloat", возможна потеря данных
E:\Checkers\Checker.cpp(52,24): warning C4244: аргумент: преобразование "double" в "GLfloat", возможна потеря данных
E:\Checkers\Checker.cpp(52,16): warning C4244: аргумент: преобразование "double" в "GLfloat", возможна потеря данных
  Game.cpp
  Main.cpp
  Scene.cpp
E:\Checkers\Scene.cpp(70,47): warning C4244: аргумент: преобразование "double" в "GLfloat", возможна потеря данных
E:\Checkers\Scene.cpp(70,53): warning C4305: аргумент: усечение из "double" в "GLfloat"
E:\Checkers\Scene.cpp(70,32): warning C4244: аргумент: преобразование "double" в "GLfloat", возможна потеря данных
E:\Checkers\Scene.cpp(82,47): warning C4244: аргумент: преобразование "double" в "GLfloat", возможна потеря данных
E:\Checkers\Scene.cpp(82,53): warning C4305: аргумент: усечение из "double" в "GLfloat"
E:\Checkers\Scene.cpp(82,32): warning C4244: аргумент: преобразование "double" в "GLfloat", возможна потеря данных
E:\Checkers\Scene.cpp(94,47): warning C4244: аргумент: преобразование "double" в "GLfloat", возможна потеря данных
E:\Checkers\Scene.cpp(94,53): warning C4305: аргумент: усечение из "double" в "GLfloat"
E:\Checkers\Scene.cpp(94,32): warning C4244: аргумент: преобразование "double" в "GLfloat", возможна потеря данных
E:\Checkers\Scene.cpp(106,47): warning C4244: аргумент: преобразование "double" в "GLfloat", возможна потеря данных
E:\Checkers\Scene.cpp(106,53): warning C4305: аргумент: усечение из "double" в "GLfloat"
E:\Checkers\Scene.cpp(106,32): warning C4244: аргумент: преобразование "double" в "GLfloat", возможна потеря данных
E:\Checkers\Scene.cpp(160,24): warning C4305: +=: усечение из "double" в "float"
E:\Checkers\Scene.cpp(163,24): warning C4305: -=: усечение из "double" в "float"
E:\Checkers\Scene.cpp(224,60): warning C4305: аргумент: усечение из "double" в "float"
E:\Checkers\Scene.cpp(228,15): warning C4244: аргумент: преобразование "int" в "GLfloat", возможна потеря данных
E:\Checkers\Scene.cpp(229,15): warning C4244: аргумент: преобразование "int" в "GLfloat", возможна потеря данных
E:\Checkers\Scene.cpp(230,15): warning C4244: аргумент: преобразование "int" в "GLfloat", возможна потеря данных
E:\Checkers\Scene.cpp(248,32): warning C4244: аргумент: преобразование "double" в "GLfloat", возможна потеря данных
E:\Checkers\Scene.cpp(272,32): warning C4244: аргумент: преобразование "double" в "GLfloat", возможна потеря данных
  Создание кода...
E:\Checkers\Game.cpp(211): warning C4715: Game::getJump: значение возвращается не при всех путях выполнения
  Checkers.vcxproj -> E:\Checkers\Debug\Checkers.exe
